#
# There is insufficient memory for the Java Runtime Environment to continue.
# Native memory allocation (mmap) failed to map 268435456 bytes for G1 virtual space
# Possible reasons:
#   The system is out of physical RAM or swap space
#   The process is running with CompressedOops enabled, and the Java Heap may be blocking the growth of the native heap
# Possible solutions:
#   Reduce memory load on the system
#   Increase physical memory or swap space
#   Check if swap backing store is full
#   Decrease Java heap size (-Xmx/-Xms)
#   Decrease number of Java threads
#   Decrease Java thread stack sizes (-Xss)
#   Set larger code cache with -XX:ReservedCodeCacheSize=
#   JVM is running with Zero Based Compressed Oops mode in which the Java heap is
#     placed in the first 32GB address space. The Java Heap base address is the
#     maximum limit for the native heap growth. Please use -XX:HeapBaseMinAddress
#     to set the Java Heap base and to place the Java Heap above 32GB virtual address.
# This output file may be truncated or incomplete.
#
#  Out of Memory Error (os_windows.cpp:3528), pid=9856, tid=22716
#
# JRE version:  (20.0.1+9) (build )
# Java VM: Java HotSpot(TM) 64-Bit Server VM (20.0.1+9-29, mixed mode, sharing, tiered, compressed oops, compressed class ptrs, g1 gc, windows-amd64)
# No core dump will be written. Minidumps are not enabled by default on client versions of Windows
#

---------------  S U M M A R Y ------------

Command Line: -Dclassworlds.conf=C:\Program Files\apache-maven-4.0.0-alpha-4\bin\m2.conf -Dmaven.home=C:\Program Files\apache-maven-4.0.0-alpha-4 -Dlibrary.jansi.path=C:\Program Files\apache-maven-4.0.0-alpha-4\lib\jansi-native -Dmaven.multiModuleProjectDirectory=D:\github\BookStoreProject org.codehaus.plexus.classworlds.launcher.Launcher clean install

Host: Intel(R) Core(TM) i5-4590 CPU @ 3.30GHz, 4 cores, 15G,  Windows 10 , 64 bit Build 19041 (10.0.19041.2913)
Time: Thu Jun 22 13:50:18 2023 SE Asia Standard Time elapsed time: 0.018577 seconds (0d 0h 0m 0s)

---------------  T H R E A D  ---------------

Current thread (0x0000024e8b100c50):  JavaThread "Unknown thread" [_thread_in_vm, id=22716, stack(0x000000eaac400000,0x000000eaac500000)]

Stack: [0x000000eaac400000,0x000000eaac500000]
Native frames: (J=compiled Java code, j=interpreted, Vv=VM code, C=native code)
V  [jvm.dll+0x6bb95a]
V  [jvm.dll+0x8485fa]
V  [jvm.dll+0x84a1f5]
V  [jvm.dll+0x84a8f3]
V  [jvm.dll+0x280b0f]
V  [jvm.dll+0x6b86e9]
V  [jvm.dll+0x6ad2da]
V  [jvm.dll+0x35adf5]
V  [jvm.dll+0x363016]
V  [jvm.dll+0x3b3b3e]
V  [jvm.dll+0x3b3dc5]
V  [jvm.dll+0x32b50a]
V  [jvm.dll+0x32c32b]
V  [jvm.dll+0x8112bf]
V  [jvm.dll+0x3c0d91]
V  [jvm.dll+0x7fcfe3]
V  [jvm.dll+0x44c76f]
V  [jvm.dll+0x44e0e1]
C  [jli.dll+0x5287]
C  [ucrtbase.dll+0x21bb2]
C  [KERNEL32.DLL+0x17614]
C  [ntdll.dll+0x526a1]


---------------  P R O C E S S  ---------------

Threads class SMR info:
_java_thread_list=0x00007ffb74e0a098, length=0, elements={
}

Java Threads: ( => current thread )

Other Threads:
  0x0000024e8b16f240 WorkerThread "GC Thread#0" [stack: 0x000000eaac500000,0x000000eaac600000] [id=21232]
  0x0000024e8b180180 ConcurrentGCThread "G1 Main Marker" [stack: 0x000000eaac600000,0x000000eaac700000] [id=14680]
  0x0000024e8b180d50 WorkerThread "G1 Conc#0" [stack: 0x000000eaac700000,0x000000eaac800000] [id=20576]

[error occurred during error reporting (printing all threads), id 0xc0000005, EXCEPTION_ACCESS_VIOLATION (0xc0000005) at pc=0x00007ffb745eeb47]
VM state: not at safepoint (not fully initialized)

VM Mutex/Monitor currently owned by a thread:  ([mutex/lock_event])
[0x0000024e8b0fab30] Heap_lock - owner thread: 0x0000024e8b100c50

Heap address: 0x0000000701600000, size: 4074 MB, Compressed Oops mode: Zero based, Oop shift amount: 3

CDS archive(s) mapped at: [0x0000000000000000-0x0000000000000000-0x0000000000000000), size 0, SharedBaseAddress: 0x0000000800000000, ArchiveRelocationMode: 0.
Narrow klass base: 0x0000000000000000, Narrow klass shift: 0, Narrow klass range: 0x0

GC Precious Log:
 CardTable entry size: 512
 Card Set container configuration: InlinePtr #cards 4 size 8 Array Of Cards #cards 16 size 48 Howl #buckets 8 coarsen threshold 3686 Howl Bitmap #cards 512 size 80 coarsen threshold 460 Card regions per heap region 1 cards per card region 4096

Heap:
 garbage-first heap   total 0K, used 0K [0x0000000701600000, 0x0000000800000000)
  region size 2048K, 0 young (0K), 0 survivors (0K)

[error occurred during error reporting (printing heap information), id 0xc0000005, EXCEPTION_ACCESS_VIOLATION (0xc0000005) at pc=0x00007ffb749c3c59]
GC Heap History (0 events):
No events

Dll operation events (1 events):
Event: 0.011 Loaded shared library C:\Program Files\Java\jdk-20\bin\java.dll

Deoptimization events (0 events):
No events

Classes loaded (0 events):
No events

Classes unloaded (0 events):
No events

Classes redefined (0 events):
No events

Internal exceptions (0 events):
No events

VM Operations (0 events):
No events

Events (0 events):
No events


Dynamic libraries:
0x00007ff73a220000 - 0x00007ff73a230000 	C:\Program Files\Java\jdk-20\bin\java.exe
0x00007ffbbbdd0000 - 0x00007ffbbbfc8000 	C:\Windows\SYSTEM32\ntdll.dll
0x00007ffbbaa90000 - 0x00007ffbbab4f000 	C:\Windows\System32\KERNEL32.DLL
0x00007ffbb9730000 - 0x00007ffbb9a26000 	C:\Windows\System32\KERNELBASE.dll
0x00007ffbb9c10000 - 0x00007ffbb9d10000 	C:\Windows\System32\ucrtbase.dll
0x00007ffbadb50000 - 0x00007ffbadb6b000 	C:\Program Files\Java\jdk-20\bin\VCRUNTIME140.dll
0x00007ffbadd70000 - 0x00007ffbadd89000 	C:\Program Files\Java\jdk-20\bin\jli.dll
0x00007ffbba050000 - 0x00007ffbba0ff000 	C:\Windows\System32\ADVAPI32.dll
0x00007ffbbb260000 - 0x00007ffbbb2fe000 	C:\Windows\System32\msvcrt.dll
0x00007ffbb9e00000 - 0x00007ffbb9e9c000 	C:\Windows\System32\sechost.dll
0x00007ffbbb090000 - 0x00007ffbbb1b6000 	C:\Windows\System32\RPCRT4.dll
0x00007ffbbb360000 - 0x00007ffbbb4fd000 	C:\Windows\System32\USER32.dll
0x00007ffb97c00000 - 0x00007ffb97e9a000 	C:\Windows\WinSxS\amd64_microsoft.windows.common-controls_6595b64144ccf1df_6.0.19041.1110_none_60b5254171f9507e\COMCTL32.dll
0x00007ffbb9480000 - 0x00007ffbb94a2000 	C:\Windows\System32\win32u.dll
0x00007ffbba850000 - 0x00007ffbba87c000 	C:\Windows\System32\GDI32.dll
0x00007ffbb9ac0000 - 0x00007ffbb9bd5000 	C:\Windows\System32\gdi32full.dll
0x00007ffbb9d60000 - 0x00007ffbb9dfd000 	C:\Windows\System32\msvcp_win.dll
0x00007ffbb0c30000 - 0x00007ffbb0c3a000 	C:\Windows\SYSTEM32\VERSION.dll
0x00007ffbbb800000 - 0x00007ffbbb830000 	C:\Windows\System32\IMM32.DLL
0x00007ffbb3350000 - 0x00007ffbb335c000 	C:\Program Files\Java\jdk-20\bin\vcruntime140_1.dll
0x00007ffba1300000 - 0x00007ffba138e000 	C:\Program Files\Java\jdk-20\bin\msvcp140.dll
0x00007ffb742b0000 - 0x00007ffb74f47000 	C:\Program Files\Java\jdk-20\bin\server\jvm.dll
0x00007ffba9570000 - 0x00007ffba9597000 	C:\Windows\SYSTEM32\WINMM.dll
0x00007ffbaba10000 - 0x00007ffbaba19000 	C:\Windows\SYSTEM32\WSOCK32.dll
0x00007ffbbb500000 - 0x00007ffbbb56b000 	C:\Windows\System32\WS2_32.dll
0x00007ffbb7280000 - 0x00007ffbb7292000 	C:\Windows\SYSTEM32\kernel.appcore.dll
0x00007ffbb32a0000 - 0x00007ffbb32aa000 	C:\Program Files\Java\jdk-20\bin\jimage.dll
0x00007ffba7320000 - 0x00007ffba7504000 	C:\Windows\SYSTEM32\DBGHELP.DLL
0x00007ffba72d0000 - 0x00007ffba7304000 	C:\Windows\SYSTEM32\dbgcore.DLL
0x00007ffbb9a30000 - 0x00007ffbb9ab2000 	C:\Windows\System32\bcryptPrimitives.dll
0x00007ffba1b30000 - 0x00007ffba1b56000 	C:\Program Files\Java\jdk-20\bin\java.dll

dbghelp: loaded successfully - version: 4.0.5 - missing functions: none
symbol engine: initialized successfully - sym options: 0x614 - pdb path: .;C:\Program Files\Java\jdk-20\bin;C:\Windows\SYSTEM32;C:\Windows\WinSxS\amd64_microsoft.windows.common-controls_6595b64144ccf1df_6.0.19041.1110_none_60b5254171f9507e;C:\Program Files\Java\jdk-20\bin\server

VM Arguments:
jvm_args: -Dclassworlds.conf=C:\Program Files\apache-maven-4.0.0-alpha-4\bin\m2.conf -Dmaven.home=C:\Program Files\apache-maven-4.0.0-alpha-4 -Dlibrary.jansi.path=C:\Program Files\apache-maven-4.0.0-alpha-4\lib\jansi-native -Dmaven.multiModuleProjectDirectory=D:\github\BookStoreProject 
java_command: org.codehaus.plexus.classworlds.launcher.Launcher clean install
java_class_path (initial): C:\Program Files\apache-maven-4.0.0-alpha-4\boot\plexus-classworlds-2.6.0.jar
Launcher Type: SUN_STANDARD

[Global flags]
     intx CICompilerCount                          = 3                                         {product} {ergonomic}
     uint ConcGCThreads                            = 1                                         {product} {ergonomic}
     uint G1ConcRefinementThreads                  = 4                                         {product} {ergonomic}
   size_t G1HeapRegionSize                         = 2097152                                   {product} {ergonomic}
    uintx GCDrainStackTargetSize                   = 64                                        {product} {ergonomic}
   size_t InitialHeapSize                          = 268435456                                 {product} {ergonomic}
   size_t MarkStackSize                            = 4194304                                   {product} {ergonomic}
   size_t MaxHeapSize                              = 4271898624                                {product} {ergonomic}
   size_t MinHeapDeltaBytes                        = 2097152                                   {product} {ergonomic}
   size_t MinHeapSize                              = 8388608                                   {product} {ergonomic}
    uintx NonNMethodCodeHeapSize                   = 5832780                                {pd product} {ergonomic}
    uintx NonProfiledCodeHeapSize                  = 122912730                              {pd product} {ergonomic}
    uintx ProfiledCodeHeapSize                     = 122912730                              {pd product} {ergonomic}
    uintx ReservedCodeCacheSize                    = 251658240                              {pd product} {ergonomic}
     bool SegmentedCodeCache                       = true                                      {product} {ergonomic}
   size_t SoftMaxHeapSize                          = 4271898624                             {manageable} {ergonomic}
     bool UseCompressedClassPointers               = true                           {product lp64_product} {ergonomic}
     bool UseCompressedOops                        = true                           {product lp64_product} {ergonomic}
     bool UseG1GC                                  = true                                      {product} {ergonomic}
     bool UseLargePagesIndividualAllocation        = false                                  {pd product} {ergonomic}

Logging:
Log output configuration:
 #0: stdout all=warning uptime,level,tags foldmultilines=false
 #1: stderr all=off uptime,level,tags foldmultilines=false

Environment Variables:
JAVA_HOME=C:\Program Files\Java\jdk-20
PATH=C:\Users\tntan\AppData\Local\Programs\Python\Python311\Scripts\;C:\Users\tntan\AppData\Local\Programs\Python\Python311\;C:\Program Files (x86)\Intel\iCLS Client\;C:\Program Files\Intel\iCLS Client\;C:\Windows\system32;C:\Windows;C:\Windows\System32\Wbem;C:\Windows\System32\WindowsPowerShell\v1.0\;C:\Windows\System32\OpenSSH\;C:\Program Files (x86)\Intel\Intel(R) Management Engine Components\DAL;C:\Program Files\Intel\Intel(R) Management Engine Components\DAL;C:\Program Files (x86)\Intel\Intel(R) Management Engine Components\IPT;C:\Program Files\Intel\Intel(R) Management Engine Components\IPT;C:\Program Files\apache-maven-4.0.0-alpha-4\bin;C:\msys64\ucrt64\bin;C:\Program Files\Docker\Docker\resources\bin;C:\Program Files\Java\jdk-20\bin;C:\Program Files\Java\jre-1.8\bin;C:\Program Files\nodejs\;C:\ProgramData\chocolatey\bin;C:\Users\tntan\AppData\Local\Microsoft\WindowsApps;C:\Users\tntan\AppData\Local\Programs\Microsoft VS Code\bin;C:\Program Files\JetBrains\IntelliJ IDEA 2022.3.3\bin;;C:\msys64\ucrt64\bin;C:\Users\tntan\AppData\Local\JetBrains\IntelliJ IDEA Community Edition 2022.3.3\bin;C:\Program Files\Eclipse Adoptium\jdk-17.0.6.10-hotspot\bin;C:\Program Files\Java\jre1.8.0_361;C:\Program Files\Java\jdk-20;;C:\Users\tntan\AppData\Local\GitHubDesktop\bin;C:\Program Files\Java\jdk-20\bin;C:\Program Files\Java\jre-1.8\bin;C:\Users\tntan\AppData\Roaming\npm
USERNAME=tntan
OS=Windows_NT
PROCESSOR_IDENTIFIER=Intel64 Family 6 Model 60 Stepping 3, GenuineIntel
TMP=C:\Users\tntan\AppData\Local\Temp
TEMP=C:\Users\tntan\AppData\Local\Temp




---------------  S Y S T E M  ---------------

OS:
 Windows 10 , 64 bit Build 19041 (10.0.19041.2913)
OS uptime: 10 days 0:10 hours
Hyper-V role detected

CPU: total 4 (initial active 4) (4 cores per cpu, 1 threads per core) family 6 model 60 stepping 3 microcode 0x27, cx8, cmov, fxsr, mmx, sse, sse2, sse3, ssse3, sse4.1, sse4.2, popcnt, lzcnt, tsc, tscinvbit, avx, avx2, aes, erms, clmul, bmi1, bmi2, fma, vzeroupper, clflush, hv, rdtscp, f16c

Memory: 4k page, system-wide physical 16289M (1285M free)
TotalPageFile size 20664M (AvailPageFile size 21M)
current process WorkingSet (physical memory assigned to process): 11M, peak: 11M
current process commit charge ("private bytes"): 52M, peak: 307M

vm_info: Java HotSpot(TM) 64-Bit Server VM (20.0.1+9-29) for windows-amd64 JRE (20.0.1+9-29), built on 2023-03-07T13:56:11Z by "mach5one" with MS VC++ 17.1 (VS2022)

END.
